<?xml version="1.0" encoding="UTF-8"?>
<!-- Generated by org.testng.reporters.JUnitReportReporter -->
<testsuite skipped="0" hostname="DESKTOP-R4959BB" name="testng.P6" tests="18" failures="0" timestamp="2021-03-09T11:05:20 IST" time="0.019" errors="0">
  <testcase name="keyboard" time="0.000" classname="testng.P6"/>
  <system-out/>
  <testcase name="keyboard" time="0.000" classname="testng.P6"/>
  <system-out/>
  <testcase name="keyboard" time="0.004" classname="testng.P6"/>
  <system-out/>
  <testcase name="keyboard" time="0.001" classname="testng.P6"/>
  <system-out/>
  <testcase name="keyboard" time="0.000" classname="testng.P6"/>
  <system-out/>
  <testcase name="duster" time="0.002" classname="testng.P6"/>
  <system-out/>
  <testcase name="duster" time="0.002" classname="testng.P6"/>
  <system-out/>
  <testcase name="duster" time="0.001" classname="testng.P6"/>
  <system-out/>
  <testcase name="duster" time="0.001" classname="testng.P6"/>
  <system-out/>
  <testcase name="duster" time="0.004" classname="testng.P6"/>
  <system-out/>
  <testcase name="duster" time="0.000" classname="testng.P6"/>
  <system-out/>
  <testcase name="pen" time="0.001" classname="testng.P6"/>
  <system-out/>
  <testcase name="pen" time="0.002" classname="testng.P6"/>
  <system-out/>
  <testcase name="pen" time="0.001" classname="testng.P6"/>
  <system-out/>
  <testcase name="mouse" time="0.000" classname="testng.P6"/>
  <system-out/>
  <testcase name="mouse" time="0.000" classname="testng.P6"/>
  <system-out/>
  <testcase name="mouse" time="0.000" classname="testng.P6"/>
  <system-out/>
  <testcase name="mouse" time="0.000" classname="testng.P6"/>
  <system-out/>
</testsuite> <!-- testng.P6 -->
