<?xml version="1.0" encoding="UTF-8"?>
<!-- Generated by org.testng.reporters.JUnitReportReporter -->
<testsuite skipped="0" hostname="DESKTOP-R4959BB" name="testng.P5" tests="18" failures="0" timestamp="2021-03-09T11:03:57 IST" time="0.030" errors="0">
  <testcase name="duster" time="0.015" classname="testng.P5"/>
  <system-out/>
  <testcase name="duster" time="0.001" classname="testng.P5"/>
  <system-out/>
  <testcase name="pen" time="0.002" classname="testng.P5"/>
  <system-out/>
  <testcase name="keyboard" time="0.000" classname="testng.P5"/>
  <system-out/>
  <testcase name="duster" time="0.001" classname="testng.P5"/>
  <system-out/>
  <testcase name="duster" time="0.001" classname="testng.P5"/>
  <system-out/>
  <testcase name="pen" time="0.001" classname="testng.P5"/>
  <system-out/>
  <testcase name="keyboard" time="0.000" classname="testng.P5"/>
  <system-out/>
  <testcase name="keyboard" time="0.000" classname="testng.P5"/>
  <system-out/>
  <testcase name="mouse" time="0.003" classname="testng.P5"/>
  <system-out/>
  <testcase name="mouse" time="0.001" classname="testng.P5"/>
  <system-out/>
  <testcase name="keyboard" time="0.001" classname="testng.P5"/>
  <system-out/>
  <testcase name="duster" time="0.000" classname="testng.P5"/>
  <system-out/>
  <testcase name="keyboard" time="0.000" classname="testng.P5"/>
  <system-out/>
  <testcase name="mouse" time="0.000" classname="testng.P5"/>
  <system-out/>
  <testcase name="duster" time="0.003" classname="testng.P5"/>
  <system-out/>
  <testcase name="mouse" time="0.000" classname="testng.P5"/>
  <system-out/>
  <testcase name="pen" time="0.001" classname="testng.P5"/>
  <system-out/>
</testsuite> <!-- testng.P5 -->
