<?xml version="1.0" encoding="UTF-8"?>
<!-- Generated by org.testng.reporters.JUnitReportReporter -->
<testsuite skipped="0" hostname="DESKTOP-R4959BB" name="testng.P2" tests="3" failures="0" timestamp="2021-03-08T10:53:04 IST" time="0.000" errors="0">
  <testcase name="xray" time="0.000" classname="testng.P2"/>
  <system-out>
from xray  </system-out>
  <testcase name="watermelon" time="0.000" classname="testng.P2"/>
  <system-out>
from watermelon  </system-out>
  <testcase name="yatch" time="0.000" classname="testng.P2"/>
  <system-out>
from yatch  </system-out>
</testsuite> <!-- testng.P2 -->
