<?xml version="1.0" encoding="UTF-8"?>
<!-- Generated by org.testng.reporters.JUnitReportReporter -->
<testsuite skipped="0" hostname="DESKTOP-R4959BB" name="testng.P9" tests="2" failures="0" timestamp="2021-03-10T11:31:23 IST" time="0.008" errors="0">
  <testcase name="m2" time="0.001" classname="testng.P9"/>
  <system-out/>
  <testcase name="m1" time="0.007" classname="testng.P9"/>
  <system-out/>
</testsuite> <!-- testng.P9 -->
