<?xml version="1.0" encoding="UTF-8"?>
<!-- Generated by org.testng.reporters.JUnitReportReporter -->
<testsuite skipped="0" hostname="DESKTOP-R4959BB" name="testng.P10" tests="2" failures="0" timestamp="2021-03-10T11:31:48 IST" time="0.009" errors="0">
  <testcase name="p1" time="0.007" classname="testng.P10"/>
  <system-out/>
  <testcase name="p2" time="0.002" classname="testng.P10"/>
  <system-out/>
</testsuite> <!-- testng.P10 -->
