<?xml version="1.0" encoding="UTF-8"?>
<!-- Generated by org.testng.reporters.JUnitReportReporter -->
<testsuite skipped="0" hostname="DESKTOP-R4959BB" name="testng.P14" tests="1" failures="0" timestamp="2021-03-16T09:57:48 IST" time="6.499" errors="0">
  <testcase name="testApp" time="6.499" classname="testng.P14"/>
  <system-out/>
</testsuite> <!-- testng.P14 -->
