<?xml version="1.0" encoding="UTF-8"?>
<!-- Generated by org.testng.reporters.JUnitReportReporter -->
<testsuite skipped="0" hostname="DESKTOP-R4959BB" name="testng.P1" tests="3" failures="0" timestamp="2021-03-09T09:39:18 IST" time="0.016" errors="0">
  <testcase name="banana" time="0.016" classname="testng.P1"/>
  <system-out>
from banana method  </system-out>
  <testcase name="carrot" time="0.000" classname="testng.P1"/>
  <system-out>
from carrot method  </system-out>
  <testcase name="apple" time="0.000" classname="testng.P1"/>
  <system-out>
from apple method  </system-out>
</testsuite> <!-- testng.P1 -->
