<?xml version="1.0" encoding="UTF-8"?>
<!-- Generated by org.testng.reporters.JUnitReportReporter -->
<testsuite skipped="0" hostname="DESKTOP-R4959BB" name="testng.P3" tests="3" failures="0" timestamp="2021-03-09T10:59:19 IST" time="10.671" errors="0">
  <testcase name="openApp" time="6.440" classname="testng.P3"/>
  <system-out/>
  <testcase name="testApp" time="2.919" classname="testng.P3"/>
  <system-out>
Google  </system-out>
  <testcase name="closeApp" time="1.312" classname="testng.P3"/>
  <system-out/>
</testsuite> <!-- testng.P3 -->
