<?xml version="1.0" encoding="UTF-8"?>
<!-- Generated by org.testng.reporters.JUnitReportReporter -->
<testsuite skipped="0" hostname="DESKTOP-R4959BB" name="testng.P8" tests="2" failures="0" timestamp="2021-03-10T11:31:03 IST" time="0.003" errors="0">
  <testcase name="xyz" time="0.002" classname="testng.P8"/>
  <system-out/>
  <testcase name="mnop" time="0.001" classname="testng.P8"/>
  <system-out/>
</testsuite> <!-- testng.P8 -->
