<?xml version="1.0" encoding="UTF-8"?>
<!-- Generated by org.testng.reporters.JUnitReportReporter -->
<testsuite skipped="0" hostname="DESKTOP-R4959BB" name="testng.P13" tests="1" failures="0" timestamp="2021-03-16T09:44:36 IST" time="5.592" errors="0">
  <testcase name="testApp" time="5.592" classname="testng.P13"/>
  <system-out/>
</testsuite> <!-- testng.P13 -->
