<?xml version="1.0" encoding="UTF-8"?>
<!-- Generated by org.testng.reporters.JUnitReportReporter -->
<testsuite skipped="0" hostname="DESKTOP-R4959BB" name="testng.P4" tests="4" failures="0" timestamp="2021-03-09T11:03:17 IST" time="0.011" errors="0">
  <testcase name="duster" time="0.010" classname="testng.P4"/>
  <system-out/>
  <testcase name="pen" time="0.001" classname="testng.P4"/>
  <system-out/>
  <testcase name="keyboard" time="0.000" classname="testng.P4"/>
  <system-out/>
  <testcase name="mouse" time="0.000" classname="testng.P4"/>
  <system-out/>
</testsuite> <!-- testng.P4 -->
